2020-01-04 15:42:17,478 INFO p.l.CreationTableMain [main] ('Kolya_1'),  
2020-01-04 15:42:17,479 INFO p.l.CreationTableMain [main] ('Vova_2'),  
2020-01-04 15:42:17,480 INFO p.l.CreationTableMain [main] ('Sonya_3'),  
2020-01-04 15:42:17,480 INFO p.l.CreationTableMain [main] ('Marusya_4'),  
2020-01-04 15:42:17,480 INFO p.l.CreationTableMain [main] ('Marusya_5'),  
2020-01-04 15:42:17,480 INFO p.l.CreationTableMain [main] ('Natasha_6'),  
2020-01-04 15:42:17,480 INFO p.l.CreationTableMain [main] ('Moli_7'),  
2020-01-04 15:42:17,480 INFO p.l.CreationTableMain [main]  
2020-01-04 15:42:17,533 INFO p.l.CreationTableMain [main] 1 -  
2020-01-04 15:42:17,534 INFO p.l.CreationTableMain [main] billing 
2020-01-04 15:42:17,534 INFO p.l.CreationTableMain [main] 2 -  
2020-01-04 15:42:17,534 INFO p.l.CreationTableMain [main] Administration 
2020-01-04 15:42:17,534 INFO p.l.CreationTableMain [main] 3 -  
2020-01-04 15:42:17,534 INFO p.l.CreationTableMain [main] clients 
2020-01-04 15:44:26,734 INFO p.l.CreationTableMain [main] ('Kolya_1'),  
2020-01-04 15:44:26,735 INFO p.l.CreationTableMain [main] ('Vova_2'),  
2020-01-04 15:44:26,735 INFO p.l.CreationTableMain [main] ('Sonya_3'),  
2020-01-04 15:44:26,736 INFO p.l.CreationTableMain [main] ('Marusya_4'),  
2020-01-04 15:44:26,736 INFO p.l.CreationTableMain [main] ('Marusya_5'),  
2020-01-04 15:44:26,736 INFO p.l.CreationTableMain [main] ('Natasha_6'),  
2020-01-04 15:44:26,736 INFO p.l.CreationTableMain [main] ('Moli_7'),  
2020-01-04 15:44:26,736 INFO p.l.CreationTableMain [main]  
2020-01-04 15:44:26,789 INFO p.l.CreationTableMain [main] 1 - billing 
2020-01-04 15:44:26,789 INFO p.l.CreationTableMain [main] 2 - Administration 
2020-01-04 15:44:26,789 INFO p.l.CreationTableMain [main] 3 - clients 
2020-01-04 15:45:23,325 INFO p.l.CreationTableMain [main] ('Kolya_1')  
2020-01-04 15:45:23,326 INFO p.l.CreationTableMain [main] ('Vova_2')  
2020-01-04 15:45:23,326 INFO p.l.CreationTableMain [main] ('Sonya_3')  
2020-01-04 15:45:23,327 INFO p.l.CreationTableMain [main] ('Marusya_4')  
2020-01-04 15:45:23,327 INFO p.l.CreationTableMain [main] ('Marusya_5')  
2020-01-04 15:45:23,327 INFO p.l.CreationTableMain [main] ('Natasha_6')  
2020-01-04 15:45:23,327 INFO p.l.CreationTableMain [main] ('Moli_7')  
2020-01-04 15:45:23,327 INFO p.l.CreationTableMain [main]  
2020-01-04 15:45:23,395 INFO p.l.CreationTableMain [main] 1 - billing 
2020-01-04 15:45:23,395 INFO p.l.CreationTableMain [main] 2 - Administration 
2020-01-04 15:45:23,395 INFO p.l.CreationTableMain [main] 3 - clients 
